2011.04.09 19:08:14.291 EST INFO: *** SYSTEM START ***
2011.04.09 19:08:14.727 EST INFO: Backwards compatibility fixup for OWL project file (really ancient one) -- OWLBackwardsCompatibilityProjectFixups.fixInternalProject()
2011.04.09 19:08:15.782 EST WARNING: [Local Folder Repository] The specified file must be a directory. (E:\1Working\PlaceComm2011\plugins\edu.stanford.smi.protegex.owl) -- LocalFolderRepository.update()
2011.04.09 19:08:15.822 EST INFO: Loading triples from: file:/E:/1Working/1mythesis/Appendix1/pbvc.owl -- ProtegeOWLParser.loadTriples()
2011.04.09 19:11:09.092 EST INFO: *** SYSTEM START ***
2011.04.09 19:11:09.529 EST INFO: Backwards compatibility fixup for OWL project file (really ancient one) -- OWLBackwardsCompatibilityProjectFixups.fixInternalProject()
2011.04.09 19:11:10.484 EST WARNING: [Local Folder Repository] The specified file must be a directory. (E:\1Working\PlaceComm2011\plugins\edu.stanford.smi.protegex.owl) -- LocalFolderRepository.update()
2011.04.09 19:11:10.525 EST INFO: Loading triples from: file:/E:/1Working/1mythesis/Appendix1/pbvc.owl -- ProtegeOWLParser.loadTriples()
2011.04.09 19:19:50.909 EST INFO: Backwards compatibility fixup for OWL project file (really ancient one) -- OWLBackwardsCompatibilityProjectFixups.fixInternalProject()
2011.04.09 19:19:51.194 EST WARNING: [Local Folder Repository] The specified file must be a directory. (E:\1Working\PlaceComm2011\plugins\edu.stanford.smi.protegex.owl) -- LocalFolderRepository.update()
2011.04.09 19:19:51.198 EST INFO: Loading triples from: file:/E:/1Working/1mythesis/Appendix1/pbvc.owl -- ProtegeOWLParser.loadTriples()
2011.04.09 19:20:59.819 EST INFO: *** SYSTEM START ***
2011.04.09 19:21:00.280 EST INFO: Backwards compatibility fixup for OWL project file (really ancient one) -- OWLBackwardsCompatibilityProjectFixups.fixInternalProject()
2011.04.09 19:21:01.242 EST WARNING: [Local Folder Repository] The specified file must be a directory. (E:\1Working\PlaceComm2011\plugins\edu.stanford.smi.protegex.owl) -- LocalFolderRepository.update()
2011.04.09 19:21:01.286 EST INFO: Loading triples from: file:/E:/1Working/1mythesis/Appendix1/pbvc.owl -- ProtegeOWLParser.loadTriples()
2011.04.09 19:23:58.138 EST INFO: *** SYSTEM START ***
2011.04.09 19:23:58.552 EST INFO: Backwards compatibility fixup for OWL project file (really ancient one) -- OWLBackwardsCompatibilityProjectFixups.fixInternalProject()
2011.04.09 19:23:59.352 EST WARNING: [Local Folder Repository] The specified file must be a directory. (E:\1Working\PlaceComm2011\plugins\edu.stanford.smi.protegex.owl) -- LocalFolderRepository.update()
2011.04.09 19:23:59.389 EST INFO: Loading triples from: file:/E:/1Working/1mythesis/Appendix1/pbvc.owl -- ProtegeOWLParser.loadTriples()
2011.04.09 19:30:22.396 EST INFO: *** SYSTEM START ***
2011.04.09 19:30:22.829 EST INFO: Backwards compatibility fixup for OWL project file (really ancient one) -- OWLBackwardsCompatibilityProjectFixups.fixInternalProject()
2011.04.09 19:30:23.894 EST WARNING: [Local Folder Repository] The specified file must be a directory. (E:\1Working\PlaceComm2011\plugins\edu.stanford.smi.protegex.owl) -- LocalFolderRepository.update()
2011.04.09 19:30:23.932 EST INFO: Loading triples from: file:/E:/1Working/1mythesis/Appendix1/pbvc.owl -- ProtegeOWLParser.loadTriples()
2011.05.01 23:32:01.525 EST INFO: *** SYSTEM START ***
2011.05.01 23:32:01.562 EST SEVERE: Unable to load project from: file:/D:/1Working/Ontology-MySQL/eswc.pprj -- Project.getProjectInstancesReader()
2011.05.01 23:39:19.255 EST INFO: *** SYSTEM START ***
2011.05.01 23:39:19.698 EST INFO: Backwards compatibility fixup for OWL project file (before DB inclusion) -- OWLBackwardsCompatibilityProjectFixups.fixInternalProject()
2011.05.01 23:39:20.331 EST WARNING: [Local Folder Repository] The specified file must be a directory. (E:\1Working\PlaceComm\PlaceComm\plugins\edu.stanford.smi.protegex.owl) -- LocalFolderRepository.update()
2011.05.01 23:39:20.358 EST INFO: Loading triples from: file:/E:/1Working/Video/Demo/pbvc/pbvcData.owl -- ProtegeOWLParser.loadTriples()
2011.05.01 23:39:21.305 EST INFO:     Loaded 10000 triples 0 -- ProtegeOWLParser$ProtegeOWLStatementHandler.printTriplesLoadLogMessage()
2011.05.01 23:39:21.818 EST INFO:     Loaded 20000 triples 0 -- ProtegeOWLParser$ProtegeOWLStatementHandler.printTriplesLoadLogMessage()
2011.05.01 23:39:22.480 EST INFO:     Loaded 30000 triples 0 -- ProtegeOWLParser$ProtegeOWLStatementHandler.printTriplesLoadLogMessage()
2011.05.01 23:39:22.993 EST INFO:     Loaded 40000 triples 0 -- ProtegeOWLParser$ProtegeOWLStatementHandler.printTriplesLoadLogMessage()
2011.05.01 23:39:23.511 EST INFO:     Loaded 50000 triples 0 -- ProtegeOWLParser$ProtegeOWLStatementHandler.printTriplesLoadLogMessage()
2011.05.01 23:39:24.290 EST INFO:     Loaded 60000 triples 0 -- ProtegeOWLParser$ProtegeOWLStatementHandler.printTriplesLoadLogMessage()
2011.05.01 23:39:24.794 EST INFO:     Loaded 70000 triples 0 -- ProtegeOWLParser$ProtegeOWLStatementHandler.printTriplesLoadLogMessage()
2011.05.01 23:39:25.200 EST INFO:     Completed triple loading after 4775 ms -- ProtegeOWLParser.loadTriples()
2011.05.01 23:39:25.201 EST INFO: Postprocess: Process entities with incorrect Java type (0 entities) ...  -- TriplePostProcessor.processFramesWithWrongJavaType()
2011.05.01 23:39:25.202 EST INFO: 0 ms
 -- TriplePostProcessor.processFramesWithWrongJavaType()
2011.05.01 23:39:25.203 EST INFO: Postprocess: Process metaclasses (3 metaclasses) ...  -- TriplePostProcessor.processMetaclasses()
2011.05.01 23:39:25.203 EST INFO: 0 ms
 -- TriplePostProcessor.processMetaclasses()
2011.05.01 23:39:25.204 EST INFO: Postprocess: Process subclasses of rdf:List (1 classes) ...  -- TriplePostProcessor.processSubclassesOfRdfList()
2011.05.01 23:39:25.204 EST INFO: 0 ms
 -- TriplePostProcessor.processSubclassesOfRdfList()
2011.05.01 23:39:25.204 EST INFO: Postprocess: Instances with multiple types (22 instances) ...  -- TriplePostProcessor.processInstancesWithMultipleTypes()
2011.05.01 23:39:25.212 EST INFO: 7 ms
 -- TriplePostProcessor.processInstancesWithMultipleTypes()
2011.05.01 23:39:25.213 EST INFO: Postprocess: Add inferred superclasses ...  -- TriplePostProcessor.processInferredSuperclasses()
2011.05.01 23:39:25.213 EST INFO: 0 ms
 -- TriplePostProcessor.processInferredSuperclasses()
2011.05.01 23:39:25.216 EST INFO: Postprocess: Process orphan classes (16 classes) ...  -- TriplePostProcessor.processOrphanClses()
2011.05.01 23:39:25.217 EST INFO: 1 ms
 -- TriplePostProcessor.processOrphanClses()
2011.05.01 23:39:25.218 EST INFO: Postprocess: Generalized Concept Inclusion (0 axioms) ...  -- TriplePostProcessor.processGeneralizedConceptInclusions()
2011.05.01 23:39:25.218 EST INFO: 0 ms
 -- TriplePostProcessor.processGeneralizedConceptInclusions()
2011.05.01 23:39:25.219 EST INFO: Postprocess: Abstract classes...  -- TriplePostProcessor.processAbstractClasses()
2011.05.01 23:39:25.219 EST INFO: 0 ms
 -- TriplePostProcessor.processAbstractClasses()
2011.05.01 23:39:25.219 EST INFO: Postprocess: Domain and range of properties...  -- TriplePostProcessor.processDomainAndRange()
2011.05.01 23:39:25.227 EST INFO: 8 ms
 -- TriplePostProcessor.processDomainAndRange()
2011.05.01 23:39:25.228 EST INFO: Postprocess: Possibly typed entities (0 resources) ...  -- TriplePostProcessor.processPossiblyTypedResources()
2011.05.01 23:39:25.228 EST INFO: 0 ms
 -- TriplePostProcessor.processPossiblyTypedResources()
2011.05.01 23:39:25.229 EST INFO: Updating underlying frames model in 1 ms -- ProtegeOWLParser.doFinalPostProcessing()
